<?xml version="1.0" encoding="UTF-8"?>
<testng-results ignored="0" total="1" passed="1" failed="0" skipped="0">
  <reporter-output>
  </reporter-output>
  <suite started-at="2020-02-13T16:22:23 IST" name="Default suite" finished-at="2020-02-13T16:22:39 IST" duration-ms="16068">
    <groups>
    </groups>
    <test started-at="2020-02-13T16:22:23 IST" name="Default test" finished-at="2020-02-13T16:22:39 IST" duration-ms="16068">
      <class name="sig.ikea.testcases.LoginTestEcommerce">
        <test-method is-config="true" signature="setUpSuite()[pri:0, instance:sig.ikea.testcases.LoginTestEcommerce@1d8bd0de]" started-at="2020-02-13T16:22:22 IST" name="setUpSuite" finished-at="2020-02-13T16:22:23 IST" duration-ms="845" status="PASS">
          <reporter-output>
          </reporter-output>
        </test-method> <!-- setUpSuite -->
        <test-method is-config="true" signature="setupApplication()[pri:0, instance:sig.ikea.testcases.LoginTestEcommerce@1d8bd0de]" started-at="2020-02-13T16:22:23 IST" name="setupApplication" finished-at="2020-02-13T16:22:35 IST" duration-ms="11333" status="PASS">
          <reporter-output>
          </reporter-output>
        </test-method> <!-- setupApplication -->
        <test-method signature="loginApp()[pri:0, instance:sig.ikea.testcases.LoginTestEcommerce@1d8bd0de]" started-at="2020-02-13T16:22:35 IST" name="loginApp" finished-at="2020-02-13T16:22:38 IST" duration-ms="3482" status="PASS">
          <reporter-output>
          </reporter-output>
        </test-method> <!-- loginApp -->
        <test-method is-config="true" signature="tearDownMethod(org.testng.ITestResult)[pri:0, instance:sig.ikea.testcases.LoginTestEcommerce@1d8bd0de]" started-at="2020-02-13T16:22:38 IST" name="tearDownMethod" finished-at="2020-02-13T16:22:38 IST" duration-ms="3" status="PASS">
          <params>
            <param index="0">
              <value>
                <![CDATA[[TestResult name=loginApp status=SUCCESS method=LoginTestEcommerce.loginApp()[pri:0, instance:sig.ikea.testcases.LoginTestEcommerce@1d8bd0de] output={null}]]]>
              </value>
            </param>
          </params>
          <reporter-output>
          </reporter-output>
        </test-method> <!-- tearDownMethod -->
        <test-method is-config="true" signature="tearDown()[pri:0, instance:sig.ikea.testcases.LoginTestEcommerce@1d8bd0de]" started-at="2020-02-13T16:22:38 IST" name="tearDown" finished-at="2020-02-13T16:22:39 IST" duration-ms="1205" status="PASS">
          <reporter-output>
          </reporter-output>
        </test-method> <!-- tearDown -->
      </class> <!-- sig.ikea.testcases.LoginTestEcommerce -->
    </test> <!-- Default test -->
  </suite> <!-- Default suite -->
</testng-results>
