<?xml version="1.0" encoding="UTF-8"?>
<!-- Generated by org.testng.reporters.JUnitXMLReporter -->
<testsuite ignored="0" hostname="Signature-IT-QA" failures="1" tests="1" name="Test" time="13.281" errors="0" timestamp="2020-02-11T18:17:42 IST">
  <testcase classname="sig.ikea.testcases.LoginTestEcommerce" name="loginApp" time="0.939">
    <failure type="java.lang.IllegalStateException" message="Cannot get a STRING value from a NUMERIC cell">
      <![CDATA[java.lang.IllegalStateException: Cannot get a STRING value from a NUMERIC cell
at org.apache.poi.xssf.usermodel.XSSFCell.typeMismatch(XSSFCell.java:1003)
at org.apache.poi.xssf.usermodel.XSSFCell.getRichStringCellValue(XSSFCell.java:389)
at org.apache.poi.xssf.usermodel.XSSFCell.getStringCellValue(XSSFCell.java:341)
at sig.ikea.utility.ExcelDataProvider.getStringData(ExcelDataProvider.java:33)
at sig.ikea.testcases.LoginTestEcommerce.loginApp(LoginTestEcommerce.java:25)
at java.base/java.util.ArrayList.forEach(ArrayList.java:1540)
... Removed 27 stack frames]]>
    </failure>
  </testcase> <!-- loginApp -->
</testsuite> <!-- Test -->
