<?xml version="1.0" encoding="UTF-8"?>
<testng-results ignored="0" total="1" passed="1" failed="0" skipped="0">
  <reporter-output>
  </reporter-output>
  <suite started-at="2020-02-11T18:23:19 IST" name="Suite" finished-at="2020-02-11T18:23:41 IST" duration-ms="22180">
    <groups>
    </groups>
    <test started-at="2020-02-11T18:23:19 IST" name="Test" finished-at="2020-02-11T18:23:41 IST" duration-ms="22180">
      <class name="sig.ikea.testcases.LoginTestEcommerce">
        <test-method is-config="true" signature="setupApplication()[pri:0, instance:sig.ikea.testcases.LoginTestEcommerce@f79e]" started-at="2020-02-11T18:23:19 IST" name="setupApplication" finished-at="2020-02-11T18:23:37 IST" duration-ms="17867" status="PASS">
          <reporter-output>
          </reporter-output>
        </test-method> <!-- setupApplication -->
        <test-method signature="loginApp()[pri:0, instance:sig.ikea.testcases.LoginTestEcommerce@f79e]" started-at="2020-02-11T18:23:37 IST" name="loginApp" finished-at="2020-02-11T18:23:40 IST" duration-ms="3583" status="PASS">
          <reporter-output>
          </reporter-output>
        </test-method> <!-- loginApp -->
        <test-method is-config="true" signature="tearDown()[pri:0, instance:sig.ikea.testcases.LoginTestEcommerce@f79e]" started-at="2020-02-11T18:23:40 IST" name="tearDown" finished-at="2020-02-11T18:23:41 IST" duration-ms="689" status="PASS">
          <reporter-output>
          </reporter-output>
        </test-method> <!-- tearDown -->
      </class> <!-- sig.ikea.testcases.LoginTestEcommerce -->
    </test> <!-- Test -->
  </suite> <!-- Suite -->
</testng-results>
